%%%% Starting test section-headers
Group begin: section-headers
Group begin: create-section-header
Test begin:
  source-file: "test-section-headers-alignment.scm"
  source-line: 25
  source-form: (test-equal 64 (bytevector-length header))
Test end:
  result-kind: pass
  actual-value: 64
  expected-value: 64
Test begin:
  source-file: "test-section-headers-alignment.scm"
  source-line: 26
  source-form: (test-equal 1 (get-u32 header 0))
Test end:
  result-kind: pass
  actual-value: 1
  expected-value: 1
Test begin:
  source-file: "test-section-headers-alignment.scm"
  source-line: 27
  source-form: (test-equal 1 (get-u32 header 4))
Test end:
  result-kind: pass
  actual-value: 1
  expected-value: 1
Test begin:
  source-file: "test-section-headers-alignment.scm"
  source-line: 28
  source-form: (test-equal 4096 (get-u64 header 8))
Test end:
  result-kind: pass
  actual-value: 4096
  expected-value: 4096
Test begin:
  source-file: "test-section-headers-alignment.scm"
  source-line: 29
  source-form: (test-equal 4096 (get-u64 header 16))
Test end:
  result-kind: pass
  actual-value: 4096
  expected-value: 4096
Test begin:
  source-file: "test-section-headers-alignment.scm"
  source-line: 30
  source-form: (test-equal 100 (get-u64 header 24))
Test end:
  result-kind: pass
  actual-value: 100
  expected-value: 100
Test begin:
  source-file: "test-section-headers-alignment.scm"
  source-line: 31
  source-form: (test-equal 0 (get-u32 header 32))
Test end:
  result-kind: pass
  actual-value: 0
  expected-value: 0
Test begin:
  source-file: "test-section-headers-alignment.scm"
  source-line: 32
  source-form: (test-equal 0 (get-u32 header 36))
Test end:
  result-kind: pass
  actual-value: 0
  expected-value: 0
Test begin:
  source-file: "test-section-headers-alignment.scm"
  source-line: 33
  source-form: (test-equal 16 (get-u64 header 40))
Test end:
  result-kind: pass
  actual-value: 16
  expected-value: 16
Test begin:
  source-file: "test-section-headers-alignment.scm"
  source-line: 34
  source-form: (test-equal 0 (get-u64 header 48))
Test end:
  result-kind: pass
  actual-value: 0
  expected-value: 0
Group end: create-section-header
Group begin: create-section-header-string-table
Test begin:
  source-file: "test-section-headers-alignment.scm"
  source-line: 39
  source-form: (test-assert (bytevector? table))
Test end:
  result-kind: pass
  actual-value: #t
Test begin:
  source-file: "test-section-headers-alignment.scm"
  source-line: 40
  source-form: (test-assert (> (bytevector-length table) 0))
Test end:
  result-kind: pass
  actual-value: #t
Test begin:
  source-file: "test-section-headers-alignment.scm"
  source-line: 41
  source-form: (test-equal 0 (bytevector-u8-ref table 0))
Test end:
  result-kind: pass
  actual-value: 0
  expected-value: 0
Test begin:
  source-file: "test-section-headers-alignment.scm"
  source-line: 42
  source-form: (test-equal ".text" (utf8->string (bytevector-slice table 1 6)))
Test end:
  result-kind: pass
  actual-value: ".text"
  expected-value: ".text"
Test begin:
  source-file: "test-section-headers-alignment.scm"
  source-line: 43
  source-form: (test-equal ".dynamic" (utf8->string (bytevector-slice table (- (bytevector-length table) 9) (- (bytevector-length table) 1))))
Test end:
  result-kind: pass
  actual-value: ".dynamic"
  expected-value: ".dynamic"
Group end: create-section-header-string-table
Group begin: create-section-headers
Test begin:
  source-file: "test-section-headers-alignment.scm"
  source-line: 58
  source-form: (test-equal (* 9 64) (bytevector-length headers))
Test end:
  result-kind: pass
  actual-value: 576
  expected-value: 576
Test begin:
  source-file: "test-section-headers-alignment.scm"
  source-line: 61
  source-form: (test-equal 0 (get-u32 headers 0))
Test end:
  result-kind: pass
  actual-value: 0
  expected-value: 0
Test begin:
  source-file: "test-section-headers-alignment.scm"
  source-line: 62
  source-form: (test-equal 0 (get-u32 headers 4))
Test end:
  result-kind: pass
  actual-value: 0
  expected-value: 0
Test begin:
  source-file: "test-section-headers-alignment.scm"
  source-line: 65
  source-form: (test-equal 1 (get-u32 headers 68))
Test end:
  result-kind: pass
  actual-value: 1
  expected-value: 1
Test begin:
  source-file: "test-section-headers-alignment.scm"
  source-line: 66
  source-form: (test-equal 1 (get-u32 headers 72))
Test end:
  result-kind: fail
  actual-value: 4194304
  expected-value: 1
Test begin:
  source-file: "test-section-headers-alignment.scm"
  source-line: 67
  source-form: (test-equal 4096 (get-u64 headers 76))
Test end:
  result-kind: fail
  actual-value: 17592186044416
  expected-value: 4096
Test begin:
  source-file: "test-section-headers-alignment.scm"
  source-line: 68
  source-form: (test-equal 4096 (get-u64 headers 84))
Test end:
  result-kind: fail
  actual-value: 429496729600
  expected-value: 4096
Test begin:
  source-file: "test-section-headers-alignment.scm"
  source-line: 69
  source-form: (test-equal code-size (get-u64 headers 92))
Test end:
  result-kind: fail
  actual-value: 0
  expected-value: 100
Test begin:
  source-file: "test-section-headers-alignment.scm"
  source-line: 73
  source-form: (test-equal 7 (get-u32 headers 132))
Test end:
  result-kind: fail
  actual-value: 1
  expected-value: 7
Test begin:
  source-file: "test-section-headers-alignment.scm"
  source-line: 74
  source-form: (test-equal 1 (get-u32 headers 136))
Test end:
  result-kind: fail
  actual-value: 4202496
  expected-value: 1
Test begin:
  source-file: "test-section-headers-alignment.scm"
  source-line: 75
  source-form: (test-equal data-offset (get-u64 headers 140))
Test end:
  result-kind: fail
  actual-value: 35184372088832
  expected-value: 8192
Test begin:
  source-file: "test-section-headers-alignment.scm"
  source-line: 76
  source-form: (test-equal data-offset (get-u64 headers 148))
Test end:
  result-kind: fail
  actual-value: 214748364800
  expected-value: 8192
Test begin:
  source-file: "test-section-headers-alignment.scm"
  source-line: 77
  source-form: (test-equal data-size (get-u64 headers 156))
Test end:
  result-kind: fail
  actual-value: 0
  expected-value: 50
Test begin:
  source-file: "test-section-headers-alignment.scm"
  source-line: 88
  source-form: (test-equal 57 (get-u32 headers 516))
Test end:
  result-kind: fail
  actual-value: 6
  expected-value: 57
Test begin:
  source-file: "test-section-headers-alignment.scm"
  source-line: 89
  source-form: (test-equal 6 (get-u32 headers 520))
Test end:
  result-kind: fail
  actual-value: 4218880
  expected-value: 6
Test begin:
  source-file: "test-section-headers-alignment.scm"
  source-line: 90
  source-form: (test-equal dynamic-offset (get-u64 headers 524))
Test end:
  result-kind: fail
  actual-value: 105553116266496
  expected-value: 12938
Test begin:
  source-file: "test-section-headers-alignment.scm"
  source-line: 91
  source-form: (test-equal dynamic-offset (get-u64 headers 532))
Test end:
  result-kind: fail
  actual-value: 343597383680
  expected-value: 12938
Test begin:
  source-file: "test-section-headers-alignment.scm"
  source-line: 92
  source-form: (test-equal dynamic-size (get-u64 headers 540))
Test end:
  result-kind: fail
  actual-value: 0
  expected-value: 80
Test begin:
  source-file: "test-section-headers-alignment.scm"
  source-line: 93
  source-form: (test-equal 8 (get-u64 headers 556))
Test end:
  result-kind: fail
  actual-value: 68719476736
  expected-value: 8
Test begin:
  source-file: "test-section-headers-alignment.scm"
  source-line: 94
  source-form: (test-equal 16 (get-u64 headers 564))
Test end:
  result-kind: fail
  actual-value: 0
  expected-value: 16
Group end: create-section-headers
Group begin: alignment
Test begin:
  source-file: "test-section-headers-alignment.scm"
  source-line: 102
  source-form: (test-equal 4096 (get-u64 headers 76))
Test end:
  result-kind: fail
  actual-value: 17592186044416
  expected-value: 4096
Test begin:
  source-file: "test-section-headers-alignment.scm"
  source-line: 103
  source-form: (test-equal 4096 (get-u64 headers 84))
Test end:
  result-kind: fail
  actual-value: 17587891077120
  expected-value: 4096
Test begin:
  source-file: "test-section-headers-alignment.scm"
  source-line: 104
  source-form: (test-equal 8192 (get-u64 headers 140))
Test end:
  result-kind: fail
  actual-value: 35184372088832
  expected-value: 8192
Test begin:
  source-file: "test-section-headers-alignment.scm"
  source-line: 105
  source-form: (test-equal 8192 (get-u64 headers 148))
Test end:
  result-kind: fail
  actual-value: 17596481011712
  expected-value: 8192
Group end: alignment
Group begin: dynamic-section
Test begin:
  source-file: "test-section-headers-alignment.scm"
  source-line: 115
  source-form: (test-assert (>= dynamic-offset (+ 4096 code-size data-size)))
Test end:
  result-kind: pass
  actual-value: #t
Test begin:
  source-file: "test-section-headers-alignment.scm"
  source-line: 116
  source-form: (test-equal 0 (modulo dynamic-offset 8))
Test end:
  result-kind: pass
  actual-value: 0
  expected-value: 0
Test begin:
  source-file: "test-section-headers-alignment.scm"
  source-line: 117
  source-form: (test-equal dynamic-offset (get-u64 headers 532))
Test end:
  result-kind: fail
  actual-value: 4294967296000
  expected-value: 105553116266496
Test begin:
  source-file: "test-section-headers-alignment.scm"
  source-line: 118
  source-form: (test-equal dynamic-size (get-u64 headers 540))
Test end:
  result-kind: fail
  actual-value: 0
  expected-value: 1000
Group end: dynamic-section
Group end: section-headers
# of expected passes      21
# of unexpected failures  22
